There are 4000 cats
 There are 4005 dogs
参数数目:1299666

Step:      0, loss: 0.69350028, accuracy: 32.13%, time:0.55s, time left: 0.02hours
Step:    100, loss: 0.69372463, accuracy: 35.69%, time:2.00s, time left: 0.08hours
Step:    200, loss: 0.61410326, accuracy: 64.26%, time:1.96s, time left: 0.08hours
Step:    300, loss: 0.62805843, accuracy: 67.82%, time:2.00s, time left: 0.08hours
Step:    400, loss: 0.55080223, accuracy: 67.82%, time:2.03s, time left: 0.08hours
Step:    500, loss: 0.66662621, accuracy: 64.26%, time:2.05s, time left: 0.08hours
Step:    600, loss: 0.55497849, accuracy: 71.39%, time:2.03s, time left: 0.08hours
Step:    700, loss: 0.51246440, accuracy: 74.95%, time:2.03s, time left: 0.08hours
Step:    800, loss: 0.44427073, accuracy: 82.13%, time:2.01s, time left: 0.08hours
Step:    900, loss: 0.48999423, accuracy: 82.13%, time:2.03s, time left: 0.08hours
Step:   1000, loss: 0.42059067, accuracy: 78.52%, time:2.06s, time left: 0.08hours
Step:   1100, loss: 0.37811273, accuracy: 82.13%, time:2.07s, time left: 0.08hours
Step:   1200, loss: 0.54193735, accuracy: 82.13%, time:2.02s, time left: 0.08hours
Step:   1300, loss: 0.43906054, accuracy: 85.69%, time:2.03s, time left: 0.08hours
Step:   1400, loss: 0.36339337, accuracy: 78.52%, time:2.02s, time left: 0.08hours
Step:   1500, loss: 0.32597494, accuracy: 89.26%, time:2.06s, time left: 0.08hours
Step:   1600, loss: 0.37396899, accuracy: 82.13%, time:2.07s, time left: 0.08hours
Step:   1700, loss: 0.45850629, accuracy: 85.69%, time:2.01s, time left: 0.07hours
Step:   1800, loss: 0.26354048, accuracy: 89.26%, time:2.04s, time left: 0.07hours
Step:   1900, loss: 0.44837064, accuracy: 75.00%, time:2.03s, time left: 0.07hours
Step:   2000, loss: 0.38022450, accuracy: 82.13%, time:2.03s, time left: 0.07hours
Step:   2100, loss: 0.25783563, accuracy: 89.26%, time:2.09s, time left: 0.08hours
Step:   2200, loss: 0.36277574, accuracy: 85.69%, time:2.04s, time left: 0.07hours
Step:   2300, loss: 0.38662532, accuracy: 78.52%, time:2.05s, time left: 0.07hours
Step:   2400, loss: 0.22997013, accuracy: 85.69%, time:2.04s, time left: 0.07hours
Step:   2500, loss: 0.33653805, accuracy: 74.95%, time:2.05s, time left: 0.07hours
Step:   2600, loss: 0.30621219, accuracy: 89.26%, time:2.07s, time left: 0.07hours
Step:   2700, loss: 0.30407637, accuracy: 85.74%, time:2.08s, time left: 0.07hours
Step:   2800, loss: 0.27023008, accuracy: 89.26%, time:2.07s, time left: 0.07hours
Step:   2900, loss: 0.19075501, accuracy: 92.87%, time:2.04s, time left: 0.07hours
Step:   3000, loss: 0.17578363, accuracy: 96.44%, time:2.05s, time left: 0.07hours
Step:   3100, loss: 0.14561549, accuracy: 96.44%, time:2.07s, time left: 0.07hours
Step:   3200, loss: 0.25700393, accuracy: 92.87%, time:2.03s, time left: 0.07hours
Step:   3300, loss: 0.20130037, accuracy: 92.87%, time:2.03s, time left: 0.07hours
Step:   3400, loss: 0.08883636, accuracy: 96.44%, time:2.00s, time left: 0.06hours
Step:   3500, loss: 0.13770425, accuracy: 92.87%, time:1.99s, time left: 0.06hours
Step:   3600, loss: 0.08825751, accuracy: 96.44%, time:2.06s, time left: 0.07hours
Step:   3700, loss: 0.21494310, accuracy: 89.26%, time:2.00s, time left: 0.06hours
Step:   3800, loss: 0.22488162, accuracy: 92.87%, time:2.06s, time left: 0.06hours
Step:   3900, loss: 0.01511199, accuracy: 100.00%, time:2.04s, time left: 0.06hours
Step:   4000, loss: 0.03896620, accuracy: 100.00%, time:2.04s, time left: 0.06hours
Step:   4100, loss: 0.01230693, accuracy: 100.00%, time:2.10s, time left: 0.06hours
Step:   4200, loss: 0.16837272, accuracy: 96.44%, time:2.11s, time left: 0.06hours
Step:   4300, loss: 0.02299470, accuracy: 100.00%, time:1.99s, time left: 0.06hours
Step:   4400, loss: 0.12689050, accuracy: 96.44%, time:2.07s, time left: 0.06hours
Step:   4500, loss: 0.03240254, accuracy: 100.00%, time:2.05s, time left: 0.06hours
Step:   4600, loss: 0.01440406, accuracy: 100.00%, time:2.06s, time left: 0.06hours
Step:   4700, loss: 0.00789416, accuracy: 100.00%, time:2.06s, time left: 0.06hours
Step:   4800, loss: 0.02168264, accuracy: 100.00%, time:2.05s, time left: 0.06hours
Step:   4900, loss: 0.00519833, accuracy: 100.00%, time:2.05s, time left: 0.06hours
Step:   5000, loss: 0.00740858, accuracy: 100.00%, time:2.05s, time left: 0.06hours
Step:   5100, loss: 0.02211100, accuracy: 100.00%, time:2.12s, time left: 0.06hours
Step:   5200, loss: 0.00608861, accuracy: 100.00%, time:2.06s, time left: 0.06hours
Step:   5300, loss: 0.00202378, accuracy: 100.00%, time:2.02s, time left: 0.05hours
Step:   5400, loss: 0.00288372, accuracy: 100.00%, time:2.05s, time left: 0.05hours
Step:   5500, loss: 0.00781312, accuracy: 100.00%, time:2.08s, time left: 0.05hours
Step:   5600, loss: 0.00324127, accuracy: 100.00%, time:2.06s, time left: 0.05hours
Step:   5700, loss: 0.00176081, accuracy: 100.00%, time:2.06s, time left: 0.05hours
Step:   5800, loss: 0.00213365, accuracy: 100.00%, time:2.08s, time left: 0.05hours
Step:   5900, loss: 0.00103820, accuracy: 100.00%, time:2.06s, time left: 0.05hours
Step:   6000, loss: 0.00270319, accuracy: 100.00%, time:2.09s, time left: 0.05hours
Step:   6100, loss: 0.00122961, accuracy: 100.00%, time:2.13s, time left: 0.05hours
Step:   6200, loss: 0.00109674, accuracy: 100.00%, time:2.07s, time left: 0.05hours
Step:   6300, loss: 0.00146392, accuracy: 100.00%, time:2.05s, time left: 0.05hours
Step:   6400, loss: 0.00108211, accuracy: 100.00%, time:2.05s, time left: 0.05hours
Step:   6500, loss: 0.00118301, accuracy: 100.00%, time:2.05s, time left: 0.05hours
Step:   6600, loss: 0.00054309, accuracy: 100.00%, time:2.07s, time left: 0.05hours
Step:   6700, loss: 0.00086349, accuracy: 100.00%, time:2.09s, time left: 0.05hours
Step:   6800, loss: 0.00096225, accuracy: 100.00%, time:2.07s, time left: 0.05hours
Step:   6900, loss: 0.00035423, accuracy: 100.00%, time:2.06s, time left: 0.05hours
Step:   7000, loss: 0.00078771, accuracy: 100.00%, time:2.08s, time left: 0.05hours
Step:   7100, loss: 0.00074670, accuracy: 100.00%, time:2.08s, time left: 0.05hours
Step:   7200, loss: 0.00027561, accuracy: 100.00%, time:2.09s, time left: 0.05hours
Step:   7300, loss: 0.00062263, accuracy: 100.00%, time:2.06s, time left: 0.04hours
Step:   7400, loss: 0.00028288, accuracy: 100.00%, time:2.09s, time left: 0.04hours
Step:   7500, loss: 0.00026110, accuracy: 100.00%, time:2.08s, time left: 0.04hours
Step:   7600, loss: 0.00007730, accuracy: 100.00%, time:2.08s, time left: 0.04hours
Step:   7700, loss: 0.00010998, accuracy: 100.00%, time:2.07s, time left: 0.04hours
Step:   7800, loss: 0.00024977, accuracy: 100.00%, time:2.06s, time left: 0.04hours
Step:   7900, loss: 0.00029978, accuracy: 100.00%, time:2.07s, time left: 0.04hours
Step:   8000, loss: 0.00034131, accuracy: 100.00%, time:2.06s, time left: 0.04hours
Step:   8100, loss: 0.00010870, accuracy: 100.00%, time:2.11s, time left: 0.04hours
Step:   8200, loss: 0.00010444, accuracy: 100.00%, time:2.05s, time left: 0.04hours
Step:   8300, loss: 0.00016800, accuracy: 100.00%, time:2.05s, time left: 0.04hours
Step:   8400, loss: 0.00006809, accuracy: 100.00%, time:2.07s, time left: 0.04hours
Step:   8500, loss: 0.00015120, accuracy: 100.00%, time:2.02s, time left: 0.04hours
Step:   8600, loss: 0.00020012, accuracy: 100.00%, time:2.07s, time left: 0.04hours
Step:   8700, loss: 0.00006005, accuracy: 100.00%, time:2.04s, time left: 0.04hours
Step:   8800, loss: 0.00015167, accuracy: 100.00%, time:2.04s, time left: 0.04hours
Step:   8900, loss: 0.00030832, accuracy: 100.00%, time:2.06s, time left: 0.03hours
Step:   9000, loss: 0.00010707, accuracy: 100.00%, time:2.08s, time left: 0.03hours
Step:   9100, loss: 0.00016634, accuracy: 100.00%, time:2.07s, time left: 0.03hours
Step:   9200, loss: 0.00007891, accuracy: 100.00%, time:2.05s, time left: 0.03hours
Step:   9300, loss: 0.00007047, accuracy: 100.00%, time:2.02s, time left: 0.03hours
Step:   9400, loss: 0.00006066, accuracy: 100.00%, time:2.07s, time left: 0.03hours
Step:   9500, loss: 0.00005905, accuracy: 100.00%, time:2.01s, time left: 0.03hours
Step:   9600, loss: 0.00005416, accuracy: 100.00%, time:2.07s, time left: 0.03hours
Step:   9700, loss: 0.00001427, accuracy: 100.00%, time:2.05s, time left: 0.03hours
Step:   9800, loss: 0.00004982, accuracy: 100.00%, time:2.09s, time left: 0.03hours
Step:   9900, loss: 0.00011787, accuracy: 100.00%, time:2.04s, time left: 0.03hours
Step:  10000, loss: 0.00001740, accuracy: 100.00%, time:2.06s, time left: 0.03hours
Step:  10100, loss: 0.00005452, accuracy: 100.00%, time:2.11s, time left: 0.03hours
Step:  10200, loss: 0.00004744, accuracy: 100.00%, time:2.07s, time left: 0.03hours
Step:  10300, loss: 0.00003918, accuracy: 100.00%, time:2.05s, time left: 0.03hours
Step:  10400, loss: 0.00001754, accuracy: 100.00%, time:2.06s, time left: 0.03hours
Step:  10500, loss: 0.00002185, accuracy: 100.00%, time:2.07s, time left: 0.03hours
Step:  10600, loss: 0.00001731, accuracy: 100.00%, time:2.04s, time left: 0.02hours
Step:  10700, loss: 0.00002996, accuracy: 100.00%, time:2.05s, time left: 0.02hours
Step:  10800, loss: 0.00003622, accuracy: 100.00%, time:2.03s, time left: 0.02hours
Step:  10900, loss: 0.00001604, accuracy: 100.00%, time:2.05s, time left: 0.02hours
Step:  11000, loss: 0.00000672, accuracy: 100.00%, time:2.06s, time left: 0.02hours
Step:  11100, loss: 0.00004093, accuracy: 100.00%, time:2.12s, time left: 0.02hours
Step:  11200, loss: 0.00002380, accuracy: 100.00%, time:2.08s, time left: 0.02hours
Step:  11300, loss: 0.00001092, accuracy: 100.00%, time:2.04s, time left: 0.02hours
Step:  11400, loss: 0.00003516, accuracy: 100.00%, time:2.05s, time left: 0.02hours
Step:  11500, loss: 0.00003063, accuracy: 100.00%, time:2.06s, time left: 0.02hours
Step:  11600, loss: 0.00002528, accuracy: 100.00%, time:2.05s, time left: 0.02hours
Step:  11700, loss: 0.00003015, accuracy: 100.00%, time:2.06s, time left: 0.02hours
Step:  11800, loss: 0.00000846, accuracy: 100.00%, time:2.05s, time left: 0.02hours
Step:  11900, loss: 0.00001300, accuracy: 100.00%, time:2.08s, time left: 0.02hours
Step:  12000, loss: 0.00002142, accuracy: 100.00%, time:2.09s, time left: 0.02hours
Step:  12100, loss: 0.00001733, accuracy: 100.00%, time:2.09s, time left: 0.02hours
Step:  12200, loss: 0.00000465, accuracy: 100.00%, time:2.07s, time left: 0.02hours
Step:  12300, loss: 0.00000790, accuracy: 100.00%, time:2.04s, time left: 0.02hours
Step:  12400, loss: 0.00000550, accuracy: 100.00%, time:2.05s, time left: 0.01hours
Step:  12500, loss: 0.00000710, accuracy: 100.00%, time:2.08s, time left: 0.01hours
Step:  12600, loss: 0.00000656, accuracy: 100.00%, time:2.09s, time left: 0.01hours
Step:  12700, loss: 0.00000902, accuracy: 100.00%, time:2.08s, time left: 0.01hours
Step:  12800, loss: 0.00000362, accuracy: 100.00%, time:2.06s, time left: 0.01hours
Step:  12900, loss: 0.00000484, accuracy: 100.00%, time:2.05s, time left: 0.01hours
Step:  13000, loss: 0.00000907, accuracy: 100.00%, time:2.06s, time left: 0.01hours
Step:  13100, loss: 0.00000430, accuracy: 100.00%, time:2.10s, time left: 0.01hours
Step:  13200, loss: 0.00000530, accuracy: 100.00%, time:2.07s, time left: 0.01hours
Step:  13300, loss: 0.00000426, accuracy: 100.00%, time:2.14s, time left: 0.01hours
Step:  13400, loss: 0.00000609, accuracy: 100.00%, time:2.10s, time left: 0.01hours
Step:  13500, loss: 0.00000459, accuracy: 100.00%, time:2.14s, time left: 0.01hours
Step:  13600, loss: 0.00000210, accuracy: 100.00%, time:2.15s, time left: 0.01hours
Step:  13700, loss: 0.00000416, accuracy: 100.00%, time:2.17s, time left: 0.01hours
Step:  13800, loss: 0.00000249, accuracy: 100.00%, time:2.18s, time left: 0.01hours
Step:  13900, loss: 0.00000307, accuracy: 100.00%, time:2.18s, time left: 0.01hours
Step:  14000, loss: 0.00000261, accuracy: 100.00%, time:2.18s, time left: 0.01hours
Step:  14100, loss: 0.00000236, accuracy: 100.00%, time:2.18s, time left: 0.01hours
Step:  14200, loss: 0.00000315, accuracy: 100.00%, time:2.17s, time left: 0.00hours
Step:  14300, loss: 0.00000416, accuracy: 100.00%, time:2.13s, time left: 0.00hours
Step:  14400, loss: 0.00000298, accuracy: 100.00%, time:2.21s, time left: 0.00hours
Step:  14500, loss: 0.00000362, accuracy: 100.00%, time:2.16s, time left: 0.00hours
Step:  14600, loss: 0.00000080, accuracy: 100.00%, time:2.23s, time left: 0.00hours
Step:  14700, loss: 0.00000189, accuracy: 100.00%, time:2.22s, time left: 0.00hours
Step:  14800, loss: 0.00000572, accuracy: 100.00%, time:2.26s, time left: 0.00hours
Step:  14900, loss: 0.00000235, accuracy: 100.00%, time:2.29s, time left: 0.00hours

